<?xml version="1.0" encoding="UTF-8" ?>
<testsuite failures="0" time="0.012" errors="0" skipped="0" tests="1" name="vn.edu.vnu.ifi.gomoku.AppTest">
  <properties>
    <property name="java.runtime.name" value="OpenJDK Runtime Environment"/>
    <property name="sun.boot.library.path" value="/opt/icedtea-bin-6.1.13.3/jre/lib/i386"/>
    <property name="java.vm.version" value="23.25-b01"/>
    <property name="java.vm.vendor" value="Sun Microsystems Inc."/>
    <property name="java.vendor.url" value="http://java.sun.com/"/>
    <property name="path.separator" value=":"/>
    <property name="guice.disable.misplaced.annotation.check" value="true"/>
    <property name="java.vm.name" value="OpenJDK Server VM"/>
    <property name="file.encoding.pkg" value="sun.io"/>
    <property name="user.country" value="US"/>
    <property name="sun.java.launcher" value="SUN_STANDARD"/>
    <property name="sun.os.patch.level" value="unknown"/>
    <property name="java.vm.specification.name" value="Java Virtual Machine Specification"/>
    <property name="user.dir" value="/home/petitmechant/workspace/MyStuff/Java/Gomoku"/>
    <property name="java.runtime.version" value="1.6.0_31-b31"/>
    <property name="java.awt.graphicsenv" value="sun.awt.X11GraphicsEnvironment"/>
    <property name="java.endorsed.dirs" value="/opt/icedtea-bin-6.1.13.3/jre/lib/endorsed"/>
    <property name="os.arch" value="i386"/>
    <property name="java.io.tmpdir" value="/tmp"/>
    <property name="line.separator" value="
"/>
    <property name="java.vm.specification.vendor" value="Sun Microsystems Inc."/>
    <property name="os.name" value="Linux"/>
    <property name="classworlds.conf" value="/usr/share/maven-bin-3.0/bin/m2.conf"/>
    <property name="sun.jnu.encoding" value="ANSI_X3.4-1968"/>
    <property name="java.library.path" value="/opt/icedtea-bin-6.1.13.3/jre/lib/i386/server:/opt/icedtea-bin-6.1.13.3/jre/lib/i386:/opt/icedtea-bin-6.1.13.3/jre/../lib/i386:/usr/java/packages/lib/i386:/lib:/usr/lib"/>
    <property name="java.specification.name" value="Java Platform API Specification"/>
    <property name="java.class.version" value="50.0"/>
    <property name="sun.management.compiler" value="HotSpot Tiered Compilers"/>
    <property name="os.version" value="3.12.21-gentoo-r1"/>
    <property name="user.home" value="/home/petitmechant"/>
    <property name="user.timezone" value="Asia/Ho_Chi_Minh"/>
    <property name="java.awt.printerjob" value="sun.print.PSPrinterJob"/>
    <property name="file.encoding" value="ANSI_X3.4-1968"/>
    <property name="java.specification.version" value="1.6"/>
    <property name="user.name" value="petitmechant"/>
    <property name="java.class.path" value="/usr/share/maven-bin-3.0/boot/plexus-classworlds-2.4.jar"/>
    <property name="java.vm.specification.version" value="1.0"/>
    <property name="sun.arch.data.model" value="32"/>
    <property name="java.home" value="/opt/icedtea-bin-6.1.13.3/jre"/>
    <property name="sun.java.command" value="org.codehaus.plexus.classworlds.launcher.Launcher clean install"/>
    <property name="java.specification.vendor" value="Sun Microsystems Inc."/>
    <property name="user.language" value="en"/>
    <property name="java.vm.info" value="mixed mode"/>
    <property name="java.version" value="1.6.0_31"/>
    <property name="java.ext.dirs" value="/opt/icedtea-bin-6.1.13.3/jre/lib/ext:/usr/java/packages/lib/ext"/>
    <property name="securerandom.source" value="file:/dev/./urandom"/>
    <property name="sun.boot.class.path" value="/opt/icedtea-bin-6.1.13.3/jre/lib/resources.jar:/opt/icedtea-bin-6.1.13.3/jre/lib/rt.jar:/opt/icedtea-bin-6.1.13.3/jre/lib/sunrsasign.jar:/opt/icedtea-bin-6.1.13.3/jre/lib/jsse.jar:/opt/icedtea-bin-6.1.13.3/jre/lib/jce.jar:/opt/icedtea-bin-6.1.13.3/jre/lib/charsets.jar:/opt/icedtea-bin-6.1.13.3/jre/lib/jfr.jar:/opt/icedtea-bin-6.1.13.3/jre/lib/netx.jar:/opt/icedtea-bin-6.1.13.3/jre/lib/plugin.jar:/opt/icedtea-bin-6.1.13.3/jre/lib/rhino.jar:/opt/icedtea-bin-6.1.13.3/jre/classes"/>
    <property name="java.vendor" value="Sun Microsystems Inc."/>
    <property name="maven.home" value="/usr/share/maven-bin-3.0"/>
    <property name="file.separator" value="/"/>
    <property name="java.vendor.url.bug" value="http://java.sun.com/cgi-bin/bugreport.cgi"/>
    <property name="sun.cpu.endian" value="little"/>
    <property name="sun.io.unicode.encoding" value="UnicodeLittle"/>
    <property name="sun.cpu.isalist" value=""/>
  </properties>
  <testcase time="0.002" classname="vn.edu.vnu.ifi.gomoku.AppTest" name="testApp"/>
</testsuite>